<?xml version="1.0" encoding="UTF-8"?>
<!-- Generated by org.testng.reporters.JUnitXMLReporter -->
<testsuite ignored="0" hostname="XI-LAPTOP033" failures="0" tests="2" name="Default test" time="26.677" errors="0" timestamp="2025-06-10T22:29:51 IST">
  <testcase classname="io.cucumber.testng.AbstractTestNGCucumberTests" name="runScenario" time="8.802"/>
  <testcase classname="io.cucumber.testng.AbstractTestNGCucumberTests" name="runScenario" time="16.504"/>
</testsuite> <!-- Default test -->
