<?xml version="1.0" encoding="UTF-8"?>
<!-- Generated by org.testng.reporters.JUnitXMLReporter -->
<testsuite ignored="0" hostname="XI-LAPTOP033" failures="0" tests="2" name="Default test" time="24.85" errors="0" timestamp="2025-06-10T23:43:10 IST">
  <testcase classname="io.cucumber.testng.AbstractTestNGCucumberTests" name="runScenario" time="7.759"/>
  <testcase classname="io.cucumber.testng.AbstractTestNGCucumberTests" name="runScenario" time="15.649"/>
</testsuite> <!-- Default test -->
